<?xml version="1.0" encoding="UTF-8"?>
<testsuite name="DateTest" tests="4" skipped="0" failures="0" errors="0" timestamp="2026-03-26T15:11:03.233Z" hostname="R2D2" time="0.065">
  <properties/>
  <testcase name="testMessage_weekend_afficherBonWeekend()" classname="DateTest" time="0.045"/>
  <testcase name="testMessage_semaineSoir_afficherBonsoir()" classname="DateTest" time="0.002"/>
  <testcase name="testMessage_semaineApresMidi_afficherBonApresMidi()" classname="DateTest" time="0.008"/>
  <testcase name="testMessage_semaineMatin_afficherBonjour()" classname="DateTest" time="0.002"/>
  <system-out><![CDATA[]]></system-out>
  <system-err><![CDATA[]]></system-err>
</testsuite>
