<?xml version="1.0" encoding="UTF-8"?>
<testsuite name="DateTest" tests="4" skipped="0" failures="0" errors="0" timestamp="2026-03-27T09:33:53.423Z" hostname="LJAVA-122" time="0.01">
  <properties/>
  <testcase name="testMessage_weekend_afficherBonWeekend()" classname="DateTest" time="0.008"/>
  <testcase name="testMessage_semaineSoir_afficherBonsoir()" classname="DateTest" time="0.001"/>
  <testcase name="testMessage_semaineApresMidi_afficherBonApresMidi()" classname="DateTest" time="0.001"/>
  <testcase name="testMessage_semaineMatin_afficherBonjour()" classname="DateTest" time="0.0"/>
  <system-out><![CDATA[]]></system-out>
  <system-err><![CDATA[]]></system-err>
</testsuite>
